<?xml version="1.0" encoding="UTF-8"?><testrun name="VCARERunner" project="VCare" tests="8" started="8" failures="0" errors="2" ignored="3">
  <testsuite name="TestRunner.VCARERunner" time="13.593">
    <testsuite name="Feature: Verify Login feature with different scenarios" time="13.593">
      <testsuite name="Scenario: 1.Generate Invoice for Individual child" time="13.554" incomplete="true">
        <error>org.openqa.selenium.ElementNotInteractableException: element not interactable
  (Session info: chrome=83.0.4103.61)
Build info: version: '3.141.0', revision: '2ecb7d9a', time: '2018-10-31T20:09:30'
System info: host: 'DESKTOP-U6M5AKJ', ip: '192.168.0.14', os.name: 'Windows 10', os.arch: 'amd64', os.version: '10.0', java.version: '1.8.0_241'
Driver info: org.openqa.selenium.chrome.ChromeDriver
Capabilities {acceptInsecureCerts: false, browserName: chrome, browserVersion: 83.0.4103.61, chrome: {chromedriverVersion: 83.0.4103.14 (be04594a2b841..., userDataDir: C:\Users\PC\AppData\Local\T...}, goog:chromeOptions: {debuggerAddress: localhost:63891}, javascriptEnabled: true, networkConnectionEnabled: false, pageLoadStrategy: normal, platform: WINDOWS, platformName: WINDOWS, proxy: Proxy(), setWindowRect: true, strictFileInteractability: false, timeouts: {implicit: 0, pageLoad: 300000, script: 30000}, unhandledPromptBehavior: dismiss and notify, webauthn:virtualAuthenticators: true}
Session ID: 17c7e6242221053a36a4a5f11cebf2b6&#13;
	at sun.reflect.NativeConstructorAccessorImpl.newInstance0(Native Method)&#13;
	at sun.reflect.NativeConstructorAccessorImpl.newInstance(Unknown Source)&#13;
	at sun.reflect.DelegatingConstructorAccessorImpl.newInstance(Unknown Source)&#13;
	at java.lang.reflect.Constructor.newInstance(Unknown Source)&#13;
	at org.openqa.selenium.remote.http.W3CHttpResponseCodec.createException(W3CHttpResponseCodec.java:187)&#13;
	at org.openqa.selenium.remote.http.W3CHttpResponseCodec.decode(W3CHttpResponseCodec.java:122)&#13;
	at org.openqa.selenium.remote.http.W3CHttpResponseCodec.decode(W3CHttpResponseCodec.java:49)&#13;
	at org.openqa.selenium.remote.HttpCommandExecutor.execute(HttpCommandExecutor.java:158)&#13;
	at org.openqa.selenium.remote.service.DriverCommandExecutor.execute(DriverCommandExecutor.java:83)&#13;
	at org.openqa.selenium.remote.RemoteWebDriver.execute(RemoteWebDriver.java:552)&#13;
	at org.openqa.selenium.remote.RemoteWebElement.execute(RemoteWebElement.java:285)&#13;
	at org.openqa.selenium.remote.RemoteWebElement.click(RemoteWebElement.java:84)&#13;
	at sun.reflect.NativeMethodAccessorImpl.invoke0(Native Method)&#13;
	at sun.reflect.NativeMethodAccessorImpl.invoke(Unknown Source)&#13;
	at sun.reflect.DelegatingMethodAccessorImpl.invoke(Unknown Source)&#13;
	at java.lang.reflect.Method.invoke(Unknown Source)&#13;
	at org.openqa.selenium.support.pagefactory.internal.LocatingElementHandler.invoke(LocatingElementHandler.java:51)&#13;
	at com.sun.proxy.$Proxy17.click(Unknown Source)&#13;
	at PAGES.GenerateInvoicePage.Click_GenerateInvoice_link(GenerateInvoicePage.java:41)&#13;
	at VcareGLUE.vcareglue.Click_generateInvoice_tab(vcareglue.java:1407)&#13;
	at ✽.And Click on GenerateInvoice tab(C:/AnishaWorkspace/VCare/src/test/resources/Feature/Billing_GenerateInvoice.feature:7)&#13;
&#13;
</error>
        <testcase name="Given Launch Vcare application" classname="Scenario: 1.Generate Invoice for Individual child" time="0.673"/>
        <testcase name="Then Enter Customerid, Username and Password like &quot;21&quot;, &quot;anisha.prasoon@gmail.com&quot; &quot;Pass@123&quot;" classname="Scenario: 1.Generate Invoice for Individual child" time="2.272"/>
        <testcase name="And Click on SignIn button" classname="Scenario: 1.Generate Invoice for Individual child" time="0.475"/>
        <testcase name="And Click on Billing tab" classname="Scenario: 1.Generate Invoice for Individual child" time="10.125"/>
        <testcase name="And Click on GenerateInvoice tab" classname="Scenario: 1.Generate Invoice for Individual child" time="0.009">
          <error>org.openqa.selenium.ElementNotInteractableException: element not interactable
  (Session info: chrome=83.0.4103.61)
Build info: version: '3.141.0', revision: '2ecb7d9a', time: '2018-10-31T20:09:30'
System info: host: 'DESKTOP-U6M5AKJ', ip: '192.168.0.14', os.name: 'Windows 10', os.arch: 'amd64', os.version: '10.0', java.version: '1.8.0_241'
Driver info: org.openqa.selenium.chrome.ChromeDriver
Capabilities {acceptInsecureCerts: false, browserName: chrome, browserVersion: 83.0.4103.61, chrome: {chromedriverVersion: 83.0.4103.14 (be04594a2b841..., userDataDir: C:\Users\PC\AppData\Local\T...}, goog:chromeOptions: {debuggerAddress: localhost:63891}, javascriptEnabled: true, networkConnectionEnabled: false, pageLoadStrategy: normal, platform: WINDOWS, platformName: WINDOWS, proxy: Proxy(), setWindowRect: true, strictFileInteractability: false, timeouts: {implicit: 0, pageLoad: 300000, script: 30000}, unhandledPromptBehavior: dismiss and notify, webauthn:virtualAuthenticators: true}
Session ID: 17c7e6242221053a36a4a5f11cebf2b6&#13;
	at sun.reflect.NativeConstructorAccessorImpl.newInstance0(Native Method)&#13;
	at sun.reflect.NativeConstructorAccessorImpl.newInstance(Unknown Source)&#13;
	at sun.reflect.DelegatingConstructorAccessorImpl.newInstance(Unknown Source)&#13;
	at java.lang.reflect.Constructor.newInstance(Unknown Source)&#13;
	at org.openqa.selenium.remote.http.W3CHttpResponseCodec.createException(W3CHttpResponseCodec.java:187)&#13;
	at org.openqa.selenium.remote.http.W3CHttpResponseCodec.decode(W3CHttpResponseCodec.java:122)&#13;
	at org.openqa.selenium.remote.http.W3CHttpResponseCodec.decode(W3CHttpResponseCodec.java:49)&#13;
	at org.openqa.selenium.remote.HttpCommandExecutor.execute(HttpCommandExecutor.java:158)&#13;
	at org.openqa.selenium.remote.service.DriverCommandExecutor.execute(DriverCommandExecutor.java:83)&#13;
	at org.openqa.selenium.remote.RemoteWebDriver.execute(RemoteWebDriver.java:552)&#13;
	at org.openqa.selenium.remote.RemoteWebElement.execute(RemoteWebElement.java:285)&#13;
	at org.openqa.selenium.remote.RemoteWebElement.click(RemoteWebElement.java:84)&#13;
	at sun.reflect.NativeMethodAccessorImpl.invoke0(Native Method)&#13;
	at sun.reflect.NativeMethodAccessorImpl.invoke(Unknown Source)&#13;
	at sun.reflect.DelegatingMethodAccessorImpl.invoke(Unknown Source)&#13;
	at java.lang.reflect.Method.invoke(Unknown Source)&#13;
	at org.openqa.selenium.support.pagefactory.internal.LocatingElementHandler.invoke(LocatingElementHandler.java:51)&#13;
	at com.sun.proxy.$Proxy17.click(Unknown Source)&#13;
	at PAGES.GenerateInvoicePage.Click_GenerateInvoice_link(GenerateInvoicePage.java:41)&#13;
	at VcareGLUE.vcareglue.Click_generateInvoice_tab(vcareglue.java:1407)&#13;
	at ✽.And Click on GenerateInvoice tab(C:/AnishaWorkspace/VCare/src/test/resources/Feature/Billing_GenerateInvoice.feature:7)&#13;
&#13;
</error>
        </testcase>
        <testcase name="And Select below options" classname="Scenario: 1.Generate Invoice for Individual child" time="0.002" ignored="true"/>
        <testcase name="And Click on GenerateInvoice button" classname="Scenario: 1.Generate Invoice for Individual child" time="0.002" ignored="true"/>
        <testcase name="Then Verify the successful alert message as &quot;'Successfully Invoice Generated&quot;" classname="Scenario: 1.Generate Invoice for Individual child" time="0.029" ignored="true"/>
      </testsuite>
    </testsuite>
  </testsuite>
</testrun>
