<?xml version="1.0" encoding="UTF-8"?><testrun name="VCARERunner" project="VCare" tests="16" started="16" failures="0" errors="4" ignored="2">
  <testsuite name="TestRunner.VCARERunner" time="49.993">
    <testsuite name="Feature: Verify Login feature with different scenarios" time="49.993">
      <testsuite name="Scenario: 2.Generate Invoice for entire class" time="26.083" incomplete="true">
        <error>org.openqa.selenium.NoSuchElementException: no such element: Unable to locate element: {"method":"xpath","selector":"//div[@class='alert alert-success']"}
  (Session info: chrome=83.0.4103.61)
For documentation on this error, please visit: http://seleniumhq.org/exceptions/no_such_element.html
Build info: version: '3.141.0', revision: '2ecb7d9a', time: '2018-10-31T20:09:30'
System info: host: 'DESKTOP-U6M5AKJ', ip: '192.168.0.14', os.name: 'Windows 10', os.arch: 'amd64', os.version: '10.0', java.version: '1.8.0_241'
Driver info: org.openqa.selenium.chrome.ChromeDriver
Capabilities {acceptInsecureCerts: false, browserName: chrome, browserVersion: 83.0.4103.61, chrome: {chromedriverVersion: 83.0.4103.14 (be04594a2b841..., userDataDir: C:\Users\PC\AppData\Local\T...}, goog:chromeOptions: {debuggerAddress: localhost:62697}, javascriptEnabled: true, networkConnectionEnabled: false, pageLoadStrategy: normal, platform: WINDOWS, platformName: WINDOWS, proxy: Proxy(), setWindowRect: true, strictFileInteractability: false, timeouts: {implicit: 0, pageLoad: 300000, script: 30000}, unhandledPromptBehavior: dismiss and notify, webauthn:virtualAuthenticators: true}
Session ID: a70c5a75f434d44814ec9f51d4d4b739
*** Element info: {Using=xpath, value=//div[@class='alert alert-success']}&#13;
	at sun.reflect.NativeConstructorAccessorImpl.newInstance0(Native Method)&#13;
	at sun.reflect.NativeConstructorAccessorImpl.newInstance(Unknown Source)&#13;
	at sun.reflect.DelegatingConstructorAccessorImpl.newInstance(Unknown Source)&#13;
	at java.lang.reflect.Constructor.newInstance(Unknown Source)&#13;
	at org.openqa.selenium.remote.http.W3CHttpResponseCodec.createException(W3CHttpResponseCodec.java:187)&#13;
	at org.openqa.selenium.remote.http.W3CHttpResponseCodec.decode(W3CHttpResponseCodec.java:122)&#13;
	at org.openqa.selenium.remote.http.W3CHttpResponseCodec.decode(W3CHttpResponseCodec.java:49)&#13;
	at org.openqa.selenium.remote.HttpCommandExecutor.execute(HttpCommandExecutor.java:158)&#13;
	at org.openqa.selenium.remote.service.DriverCommandExecutor.execute(DriverCommandExecutor.java:83)&#13;
	at org.openqa.selenium.remote.RemoteWebDriver.execute(RemoteWebDriver.java:552)&#13;
	at org.openqa.selenium.remote.RemoteWebDriver.findElement(RemoteWebDriver.java:323)&#13;
	at org.openqa.selenium.remote.RemoteWebDriver.findElementByXPath(RemoteWebDriver.java:428)&#13;
	at org.openqa.selenium.By$ByXPath.findElement(By.java:353)&#13;
	at org.openqa.selenium.remote.RemoteWebDriver.findElement(RemoteWebDriver.java:315)&#13;
	at org.openqa.selenium.support.pagefactory.DefaultElementLocator.findElement(DefaultElementLocator.java:69)&#13;
	at org.openqa.selenium.support.pagefactory.internal.LocatingElementHandler.invoke(LocatingElementHandler.java:38)&#13;
	at com.sun.proxy.$Proxy17.getText(Unknown Source)&#13;
	at VcareGLUE.vcareglue.Verify_success_AlertMessage(vcareglue.java:554)&#13;
	at ✽.Then Verify the successful alert message as "'Successfully all Invoice Generated"(C:/AnishaWorkspace/VCare/src/test/resources/Feature/Billing_GenerateInvoice.feature:24)&#13;
&#13;
</error>
        <testcase name="Given Launch Vcare application" classname="Scenario: 2.Generate Invoice for entire class" time="0.991"/>
        <testcase name="Then Enter Customerid, Username and Password like &quot;21&quot;, &quot;anisha.prasoon@gmail.com&quot; &quot;Pass@123&quot;" classname="Scenario: 2.Generate Invoice for entire class" time="2.456"/>
        <testcase name="And Click on SignIn button" classname="Scenario: 2.Generate Invoice for entire class" time="0.503"/>
        <testcase name="And Click on Billing tab" classname="Scenario: 2.Generate Invoice for entire class" time="0.2"/>
        <testcase name="And Click on GenerateInvoice tab" classname="Scenario: 2.Generate Invoice for entire class" time="10.997"/>
        <testcase name="And Select below 3 options" classname="Scenario: 2.Generate Invoice for entire class" time="0.836"/>
        <testcase name="And Click on GenerateInvoice button" classname="Scenario: 2.Generate Invoice for entire class" time="10.089"/>
        <testcase name="Then Verify the successful alert message as &quot;'Successfully all Invoice Generated&quot;" classname="Scenario: 2.Generate Invoice for entire class" time="0.01">
          <error>org.openqa.selenium.NoSuchElementException: no such element: Unable to locate element: {"method":"xpath","selector":"//div[@class='alert alert-success']"}
  (Session info: chrome=83.0.4103.61)
For documentation on this error, please visit: http://seleniumhq.org/exceptions/no_such_element.html
Build info: version: '3.141.0', revision: '2ecb7d9a', time: '2018-10-31T20:09:30'
System info: host: 'DESKTOP-U6M5AKJ', ip: '192.168.0.14', os.name: 'Windows 10', os.arch: 'amd64', os.version: '10.0', java.version: '1.8.0_241'
Driver info: org.openqa.selenium.chrome.ChromeDriver
Capabilities {acceptInsecureCerts: false, browserName: chrome, browserVersion: 83.0.4103.61, chrome: {chromedriverVersion: 83.0.4103.14 (be04594a2b841..., userDataDir: C:\Users\PC\AppData\Local\T...}, goog:chromeOptions: {debuggerAddress: localhost:62697}, javascriptEnabled: true, networkConnectionEnabled: false, pageLoadStrategy: normal, platform: WINDOWS, platformName: WINDOWS, proxy: Proxy(), setWindowRect: true, strictFileInteractability: false, timeouts: {implicit: 0, pageLoad: 300000, script: 30000}, unhandledPromptBehavior: dismiss and notify, webauthn:virtualAuthenticators: true}
Session ID: a70c5a75f434d44814ec9f51d4d4b739
*** Element info: {Using=xpath, value=//div[@class='alert alert-success']}&#13;
	at sun.reflect.NativeConstructorAccessorImpl.newInstance0(Native Method)&#13;
	at sun.reflect.NativeConstructorAccessorImpl.newInstance(Unknown Source)&#13;
	at sun.reflect.DelegatingConstructorAccessorImpl.newInstance(Unknown Source)&#13;
	at java.lang.reflect.Constructor.newInstance(Unknown Source)&#13;
	at org.openqa.selenium.remote.http.W3CHttpResponseCodec.createException(W3CHttpResponseCodec.java:187)&#13;
	at org.openqa.selenium.remote.http.W3CHttpResponseCodec.decode(W3CHttpResponseCodec.java:122)&#13;
	at org.openqa.selenium.remote.http.W3CHttpResponseCodec.decode(W3CHttpResponseCodec.java:49)&#13;
	at org.openqa.selenium.remote.HttpCommandExecutor.execute(HttpCommandExecutor.java:158)&#13;
	at org.openqa.selenium.remote.service.DriverCommandExecutor.execute(DriverCommandExecutor.java:83)&#13;
	at org.openqa.selenium.remote.RemoteWebDriver.execute(RemoteWebDriver.java:552)&#13;
	at org.openqa.selenium.remote.RemoteWebDriver.findElement(RemoteWebDriver.java:323)&#13;
	at org.openqa.selenium.remote.RemoteWebDriver.findElementByXPath(RemoteWebDriver.java:428)&#13;
	at org.openqa.selenium.By$ByXPath.findElement(By.java:353)&#13;
	at org.openqa.selenium.remote.RemoteWebDriver.findElement(RemoteWebDriver.java:315)&#13;
	at org.openqa.selenium.support.pagefactory.DefaultElementLocator.findElement(DefaultElementLocator.java:69)&#13;
	at org.openqa.selenium.support.pagefactory.internal.LocatingElementHandler.invoke(LocatingElementHandler.java:38)&#13;
	at com.sun.proxy.$Proxy17.getText(Unknown Source)&#13;
	at VcareGLUE.vcareglue.Verify_success_AlertMessage(vcareglue.java:554)&#13;
	at ✽.Then Verify the successful alert message as "'Successfully all Invoice Generated"(C:/AnishaWorkspace/VCare/src/test/resources/Feature/Billing_GenerateInvoice.feature:24)&#13;
&#13;
</error>
        </testcase>
      </testsuite>
      <testsuite name="Scenario: 3. Generate Invoice for entire class where Invoice is already generated for few childs." time="16.567" incomplete="true">
        <error>org.openqa.selenium.NoSuchWindowException: no such window: target window already closed
from unknown error: web view not found
  (Session info: chrome=83.0.4103.61)
Build info: version: '3.141.0', revision: '2ecb7d9a', time: '2018-10-31T20:09:30'
System info: host: 'DESKTOP-U6M5AKJ', ip: '192.168.0.14', os.name: 'Windows 10', os.arch: 'amd64', os.version: '10.0', java.version: '1.8.0_241'
Driver info: org.openqa.selenium.chrome.ChromeDriver
Capabilities {acceptInsecureCerts: false, browserName: chrome, browserVersion: 83.0.4103.61, chrome: {chromedriverVersion: 83.0.4103.14 (be04594a2b841..., userDataDir: C:\Users\PC\AppData\Local\T...}, goog:chromeOptions: {debuggerAddress: localhost:62756}, javascriptEnabled: true, networkConnectionEnabled: false, pageLoadStrategy: normal, platform: WINDOWS, platformName: WINDOWS, proxy: Proxy(), setWindowRect: true, strictFileInteractability: false, timeouts: {implicit: 0, pageLoad: 300000, script: 30000}, unhandledPromptBehavior: dismiss and notify, webauthn:virtualAuthenticators: true}
Session ID: 19a32375842d91ce299497003d534fb6
*** Element info: {Using=xpath, value=//select[@id='Classid1']}&#13;
	at sun.reflect.NativeConstructorAccessorImpl.newInstance0(Native Method)&#13;
	at sun.reflect.NativeConstructorAccessorImpl.newInstance(Unknown Source)&#13;
	at sun.reflect.DelegatingConstructorAccessorImpl.newInstance(Unknown Source)&#13;
	at java.lang.reflect.Constructor.newInstance(Unknown Source)&#13;
	at org.openqa.selenium.remote.http.W3CHttpResponseCodec.createException(W3CHttpResponseCodec.java:187)&#13;
	at org.openqa.selenium.remote.http.W3CHttpResponseCodec.decode(W3CHttpResponseCodec.java:122)&#13;
	at org.openqa.selenium.remote.http.W3CHttpResponseCodec.decode(W3CHttpResponseCodec.java:49)&#13;
	at org.openqa.selenium.remote.HttpCommandExecutor.execute(HttpCommandExecutor.java:158)&#13;
	at org.openqa.selenium.remote.service.DriverCommandExecutor.execute(DriverCommandExecutor.java:83)&#13;
	at org.openqa.selenium.remote.RemoteWebDriver.execute(RemoteWebDriver.java:552)&#13;
	at org.openqa.selenium.remote.RemoteWebDriver.findElement(RemoteWebDriver.java:323)&#13;
	at org.openqa.selenium.remote.RemoteWebDriver.findElementByXPath(RemoteWebDriver.java:428)&#13;
	at org.openqa.selenium.By$ByXPath.findElement(By.java:353)&#13;
	at org.openqa.selenium.remote.RemoteWebDriver.findElement(RemoteWebDriver.java:315)&#13;
	at org.openqa.selenium.support.pagefactory.DefaultElementLocator.findElement(DefaultElementLocator.java:69)&#13;
	at org.openqa.selenium.support.pagefactory.internal.LocatingElementHandler.invoke(LocatingElementHandler.java:38)&#13;
	at com.sun.proxy.$Proxy17.toString(Unknown Source)&#13;
	at java.lang.String.valueOf(Unknown Source)&#13;
	at java.lang.StringBuilder.append(Unknown Source)&#13;
	at org.openqa.selenium.support.ui.ExpectedConditions$23.toString(ExpectedConditions.java:683)&#13;
	at java.lang.String.valueOf(Unknown Source)&#13;
	at java.lang.StringBuilder.append(Unknown Source)&#13;
	at org.openqa.selenium.support.ui.FluentWait.until(FluentWait.java:268)&#13;
	at VcareGLUE.vcareglue.Select_3Options(vcareglue.java:1438)&#13;
	at ✽.And Select below 3 options(C:/AnishaWorkspace/VCare/src/test/resources/Feature/Billing_GenerateInvoice.feature:32)&#13;
&#13;
</error>
        <testcase name="Given Launch Vcare application" classname="Scenario: 3. Generate Invoice for entire class where Invoice is already generated for few childs." time="0.755"/>
        <testcase name="Then Enter Customerid, Username and Password like &quot;21&quot;, &quot;anisha.prasoon@gmail.com&quot; &quot;Pass@123&quot;" classname="Scenario: 3. Generate Invoice for entire class where Invoice is already generated for few childs." time="2.687"/>
        <testcase name="And Click on SignIn button" classname="Scenario: 3. Generate Invoice for entire class where Invoice is already generated for few childs." time="0.557"/>
        <testcase name="And Click on Billing tab" classname="Scenario: 3. Generate Invoice for entire class where Invoice is already generated for few childs." time="2.227"/>
        <testcase name="And Click on GenerateInvoice tab" classname="Scenario: 3. Generate Invoice for entire class where Invoice is already generated for few childs." time="10.339"/>
        <testcase name="And Select below 3 options" classname="Scenario: 3. Generate Invoice for entire class where Invoice is already generated for few childs." time="0.001">
          <error>org.openqa.selenium.NoSuchWindowException: no such window: target window already closed
from unknown error: web view not found
  (Session info: chrome=83.0.4103.61)
Build info: version: '3.141.0', revision: '2ecb7d9a', time: '2018-10-31T20:09:30'
System info: host: 'DESKTOP-U6M5AKJ', ip: '192.168.0.14', os.name: 'Windows 10', os.arch: 'amd64', os.version: '10.0', java.version: '1.8.0_241'
Driver info: org.openqa.selenium.chrome.ChromeDriver
Capabilities {acceptInsecureCerts: false, browserName: chrome, browserVersion: 83.0.4103.61, chrome: {chromedriverVersion: 83.0.4103.14 (be04594a2b841..., userDataDir: C:\Users\PC\AppData\Local\T...}, goog:chromeOptions: {debuggerAddress: localhost:62756}, javascriptEnabled: true, networkConnectionEnabled: false, pageLoadStrategy: normal, platform: WINDOWS, platformName: WINDOWS, proxy: Proxy(), setWindowRect: true, strictFileInteractability: false, timeouts: {implicit: 0, pageLoad: 300000, script: 30000}, unhandledPromptBehavior: dismiss and notify, webauthn:virtualAuthenticators: true}
Session ID: 19a32375842d91ce299497003d534fb6
*** Element info: {Using=xpath, value=//select[@id='Classid1']}&#13;
	at sun.reflect.NativeConstructorAccessorImpl.newInstance0(Native Method)&#13;
	at sun.reflect.NativeConstructorAccessorImpl.newInstance(Unknown Source)&#13;
	at sun.reflect.DelegatingConstructorAccessorImpl.newInstance(Unknown Source)&#13;
	at java.lang.reflect.Constructor.newInstance(Unknown Source)&#13;
	at org.openqa.selenium.remote.http.W3CHttpResponseCodec.createException(W3CHttpResponseCodec.java:187)&#13;
	at org.openqa.selenium.remote.http.W3CHttpResponseCodec.decode(W3CHttpResponseCodec.java:122)&#13;
	at org.openqa.selenium.remote.http.W3CHttpResponseCodec.decode(W3CHttpResponseCodec.java:49)&#13;
	at org.openqa.selenium.remote.HttpCommandExecutor.execute(HttpCommandExecutor.java:158)&#13;
	at org.openqa.selenium.remote.service.DriverCommandExecutor.execute(DriverCommandExecutor.java:83)&#13;
	at org.openqa.selenium.remote.RemoteWebDriver.execute(RemoteWebDriver.java:552)&#13;
	at org.openqa.selenium.remote.RemoteWebDriver.findElement(RemoteWebDriver.java:323)&#13;
	at org.openqa.selenium.remote.RemoteWebDriver.findElementByXPath(RemoteWebDriver.java:428)&#13;
	at org.openqa.selenium.By$ByXPath.findElement(By.java:353)&#13;
	at org.openqa.selenium.remote.RemoteWebDriver.findElement(RemoteWebDriver.java:315)&#13;
	at org.openqa.selenium.support.pagefactory.DefaultElementLocator.findElement(DefaultElementLocator.java:69)&#13;
	at org.openqa.selenium.support.pagefactory.internal.LocatingElementHandler.invoke(LocatingElementHandler.java:38)&#13;
	at com.sun.proxy.$Proxy17.toString(Unknown Source)&#13;
	at java.lang.String.valueOf(Unknown Source)&#13;
	at java.lang.StringBuilder.append(Unknown Source)&#13;
	at org.openqa.selenium.support.ui.ExpectedConditions$23.toString(ExpectedConditions.java:683)&#13;
	at java.lang.String.valueOf(Unknown Source)&#13;
	at java.lang.StringBuilder.append(Unknown Source)&#13;
	at org.openqa.selenium.support.ui.FluentWait.until(FluentWait.java:268)&#13;
	at VcareGLUE.vcareglue.Select_3Options(vcareglue.java:1438)&#13;
	at ✽.And Select below 3 options(C:/AnishaWorkspace/VCare/src/test/resources/Feature/Billing_GenerateInvoice.feature:32)&#13;
&#13;
</error>
        </testcase>
        <testcase name="And Click on GenerateInvoice button" classname="Scenario: 3. Generate Invoice for entire class where Invoice is already generated for few childs." time="0.003" ignored="true"/>
        <testcase name="Then Verify the successful alert message as &quot;Invoice for some of Child(s) in this Class has been already generated for the selected month. Please Generate Invoice Individually for other records.&quot;" classname="Scenario: 3. Generate Invoice for entire class where Invoice is already generated for few childs." time="0.038" ignored="true"/>
      </testsuite>
    </testsuite>
  </testsuite>
</testrun>
